<?xml version="1.0" encoding="UTF-8"?>
<!-- Generated by org.testng.reporters.JUnitReportReporter -->
<testsuite hostname="LAPTOP-RBJADUBR" failures="0" tests="1" name="introduction.TestNGDemo" time="0.008" errors="0" timestamp="2022-09-16T13:33:20 IST" skipped="0">
  <testcase classname="introduction.TestNGDemo" name="demoMethod" time="0.008"/>
  <system-out/>
</testsuite> <!-- introduction.TestNGDemo -->
