<?xml version="1.0" encoding="UTF-8"?>
<!-- Generated by org.testng.reporters.JUnitReportReporter -->
<testsuite hostname="LAPTOP-RBJADUBR" failures="0" tests="1" name="testNGpkg.TestNGDemo" time="0.007" errors="0" timestamp="2022-09-16T13:45:44 IST" skipped="0">
  <testcase classname="testNGpkg.TestNGDemo" name="demoMethod" time="0.007"/>
  <system-out/>
</testsuite> <!-- testNGpkg.TestNGDemo -->
